Arguments: 
  /usr/bin/node /usr/share/yarn/bin/yarn.js add Popper

PATH: 
  /usr/local/bundle/bin:/usr/local/sbin:/usr/local/bin:/usr/sbin:/usr/bin:/sbin:/bin

Yarn version: 
  1.22.5

Node version: 
  12.20.1

Platform: 
  linux x64

Trace: 
  Error: https://registry.yarnpkg.com/Popper: Not found
      at Request.params.callback [as _callback] (/usr/share/yarn/lib/cli.js:66988:18)
      at Request.self.callback (/usr/share/yarn/lib/cli.js:140749:22)
      at Request.emit (events.js:314:20)
      at Request.<anonymous> (/usr/share/yarn/lib/cli.js:141721:10)
      at Request.emit (events.js:314:20)
      at IncomingMessage.<anonymous> (/usr/share/yarn/lib/cli.js:141643:12)
      at Object.onceWrapper (events.js:420:28)
      at IncomingMessage.emit (events.js:326:22)
      at endReadableNT (_stream_readable.js:1241:12)
      at processTicksAndRejections (internal/process/task_queues.js:84:21)

npm manifest: 
  {
    "name": "magic-deck-builder",
    "private": true,
    "dependencies": {
      "@rails/actioncable": "^6.0.0",
      "@rails/activestorage": "^6.0.0",
      "@rails/ujs": "^6.0.0",
      "bootstrap": "^5.0.0-beta1",
      "turbolinks": "^5.2.0"
    },
    "version": "0.1.0"
  }

yarn manifest: 
  No manifest

Lockfile: 
  # THIS IS AN AUTOGENERATED FILE. DO NOT EDIT THIS FILE DIRECTLY.
  # yarn lockfile v1
  
  
  "@rails/actioncable@^6.0.0":
    version "6.1.1"
    resolved "https://registry.yarnpkg.com/@rails/actioncable/-/actioncable-6.1.1.tgz#e980b2ea1c62cae17bcddad37deb6ba88d498b63"
    integrity sha512-A8toxvSuzK/wX9uMwyV6T1EYzlqzIJNrO8XiNCSNsmKresdX2cbAjxFdMu9haaPJPjl3aC2FKRJeVCUWVtLPAQ==
  
  "@rails/activestorage@^6.0.0":
    version "6.1.1"
    resolved "https://registry.yarnpkg.com/@rails/activestorage/-/activestorage-6.1.1.tgz#c7e9c849ab9487c9914bd0bb447467cb4520bc56"
    integrity sha512-eSVffvzY0MrC4bGP6RrqvlHM06HZ1kc/4XM3XkoL8pAObDANREfd9Dstm7mYpsgPLyhtJ96QxYLV27IoFiVTbQ==
    dependencies:
      spark-md5 "^3.0.0"
  
  "@rails/ujs@^6.0.0":
    version "6.1.1"
    resolved "https://registry.yarnpkg.com/@rails/ujs/-/ujs-6.1.1.tgz#25c4e60018274b37e5ba0850134f6445429de2f5"
    integrity sha512-uF6zEbXpGkNa7Vvxrd9Yqas8xsbc3lsC733V6I7fXgPuj8xXiuZakdE4uIyQSFRVmZKe12qmC6CNJNtIEvt4bA==
  
  bootstrap@^5.0.0-beta1:
    version "5.0.0-beta1"
    resolved "https://registry.yarnpkg.com/bootstrap/-/bootstrap-5.0.0-beta1.tgz#18135001a452b3ec38b344ac638a1f9549285ee7"
    integrity sha512-UrHApw/WRmT7l2rlDdn5iXr7Jps/LlMZtJlLn9G41aGDfss48hyDeYyHtX1C6NHKVcmdUarGG+ve0LZB5iHyTQ==
  
  spark-md5@^3.0.0:
    version "3.0.1"
    resolved "https://registry.yarnpkg.com/spark-md5/-/spark-md5-3.0.1.tgz#83a0e255734f2ab4e5c466e5a2cfc9ba2aa2124d"
    integrity sha512-0tF3AGSD1ppQeuffsLDIOWlKUd3lS92tFxcsrh5Pe3ZphhnoK+oXIBTzOAThZCiuINZLvpiLH/1VS1/ANEJVig==
  
  turbolinks@^5.2.0:
    version "5.2.0"
    resolved "https://registry.yarnpkg.com/turbolinks/-/turbolinks-5.2.0.tgz#e6877a55ea5c1cb3bb225f0a4ae303d6d32ff77c"
    integrity sha512-pMiez3tyBo6uRHFNNZoYMmrES/IaGgMhQQM+VFF36keryjb5ms0XkVpmKHkfW/4Vy96qiGW3K9bz0tF5sK9bBw==
